<?xml version="1.0" encoding="UTF-8"?>
<!-- Generated by org.testng.reporters.JUnitXMLReporter -->
<testsuite ignored="0" hostname="EC2AMAZ-S11DBRH" failures="0" tests="8" name="ModuleOneTest" time="0.079" errors="0" timestamp="2024-04-26T07:28:55 GMT">
  <testcase classname="parallelscript.SampleTwoTest" name="testFour" time="0.011"/>
  <testcase classname="parallelscript.SampleOneTest" name="testFour" time="0.011"/>
  <testcase classname="parallelscript.SampleOneTest" name="testOne" time="0.005"/>
  <testcase classname="parallelscript.SampleTwoTest" name="testOne" time="0.004"/>
  <testcase classname="parallelscript.SampleOneTest" name="testThree" time="0.001"/>
  <testcase classname="parallelscript.SampleTwoTest" name="testThree" time="0.001"/>
  <testcase classname="parallelscript.SampleOneTest" name="testTwo" time="0.001"/>
  <testcase classname="parallelscript.SampleTwoTest" name="testTwo" time="0.002"/>
</testsuite> <!-- ModuleOneTest -->
