<?xml version="1.0" encoding="UTF-8"?>
<!-- Generated by org.testng.reporters.JUnitXMLReporter -->
<testsuite ignored="0" hostname="EC2AMAZ-S11DBRH" failures="0" tests="4" name="ModuleTwoTest" time="0.02" errors="0" timestamp="2024-04-26T07:28:55 GMT">
  <testcase classname="parallelscript.SampleThreeTest" name="testFour" time="0.001"/>
  <testcase classname="parallelscript.SampleThreeTest" name="testOne" time="0.002"/>
  <testcase classname="parallelscript.SampleThreeTest" name="testThree" time="0.003"/>
  <testcase classname="parallelscript.SampleThreeTest" name="testTwo" time="0.002"/>
</testsuite> <!-- ModuleTwoTest -->
