<?xml version="1.0" encoding="UTF-8"?>
<!-- Generated by org.testng.reporters.JUnitXMLReporter -->
<testsuite ignored="0" hostname="EC2AMAZ-S11DBRH" failures="0" tests="8" name="Test" time="0.087" errors="0" timestamp="2024-04-26T07:16:13 GMT">
  <testcase classname="parallelscript.SampleTwoTest" name="testFour" time="0.011"/>
  <testcase classname="parallelscript.SampleThreeTest" name="testFour" time="0.011"/>
  <testcase classname="parallelscript.SampleThreeTest" name="testOne" time="0.006"/>
  <testcase classname="parallelscript.SampleTwoTest" name="testOne" time="0.011"/>
  <testcase classname="parallelscript.SampleThreeTest" name="testThree" time="0.003"/>
  <testcase classname="parallelscript.SampleTwoTest" name="testThree" time="0.004"/>
  <testcase classname="parallelscript.SampleThreeTest" name="testTwo" time="0.003"/>
  <testcase classname="parallelscript.SampleTwoTest" name="testTwo" time="0.002"/>
</testsuite> <!-- Test -->
