<?xml version="1.0" encoding="UTF-8"?>
<testng-results ignored="0" total="12" passed="12" failed="0" skipped="0">
  <reporter-output>
  </reporter-output>
  <suite started-at="2024-04-26T07:28:55 GMT" name="Suite" finished-at="2024-04-26T07:28:55 GMT" duration-ms="206">
    <groups>
    </groups>
    <test started-at="2024-04-26T07:28:55 GMT" name="ModuleOneTest" finished-at="2024-04-26T07:28:55 GMT" duration-ms="79">
      <class name="parallelscript.SampleTwoTest">
        <test-method signature="testFour()[pri:0, instance:parallelscript.SampleTwoTest@2e1d27ba]" started-at="2024-04-26T07:28:55 GMT" name="testFour" finished-at="2024-04-26T07:28:55 GMT" duration-ms="11" status="PASS">
          <reporter-output>
          </reporter-output>
        </test-method> <!-- testFour -->
        <test-method signature="testOne()[pri:0, instance:parallelscript.SampleTwoTest@2e1d27ba]" started-at="2024-04-26T07:28:55 GMT" name="testOne" finished-at="2024-04-26T07:28:55 GMT" duration-ms="4" status="PASS">
          <reporter-output>
          </reporter-output>
        </test-method> <!-- testOne -->
        <test-method signature="testThree()[pri:0, instance:parallelscript.SampleTwoTest@2e1d27ba]" started-at="2024-04-26T07:28:55 GMT" name="testThree" finished-at="2024-04-26T07:28:55 GMT" duration-ms="1" status="PASS">
          <reporter-output>
          </reporter-output>
        </test-method> <!-- testThree -->
        <test-method signature="testTwo()[pri:0, instance:parallelscript.SampleTwoTest@2e1d27ba]" started-at="2024-04-26T07:28:55 GMT" name="testTwo" finished-at="2024-04-26T07:28:55 GMT" duration-ms="2" status="PASS">
          <reporter-output>
          </reporter-output>
        </test-method> <!-- testTwo -->
      </class> <!-- parallelscript.SampleTwoTest -->
      <class name="parallelscript.SampleOneTest">
        <test-method signature="testFour()[pri:0, instance:parallelscript.SampleOneTest@7e9131d5]" started-at="2024-04-26T07:28:55 GMT" name="testFour" finished-at="2024-04-26T07:28:55 GMT" duration-ms="11" status="PASS">
          <reporter-output>
          </reporter-output>
        </test-method> <!-- testFour -->
        <test-method signature="testOne()[pri:0, instance:parallelscript.SampleOneTest@7e9131d5]" started-at="2024-04-26T07:28:55 GMT" name="testOne" finished-at="2024-04-26T07:28:55 GMT" duration-ms="5" status="PASS">
          <reporter-output>
          </reporter-output>
        </test-method> <!-- testOne -->
        <test-method signature="testThree()[pri:0, instance:parallelscript.SampleOneTest@7e9131d5]" started-at="2024-04-26T07:28:55 GMT" name="testThree" finished-at="2024-04-26T07:28:55 GMT" duration-ms="1" status="PASS">
          <reporter-output>
          </reporter-output>
        </test-method> <!-- testThree -->
        <test-method signature="testTwo()[pri:0, instance:parallelscript.SampleOneTest@7e9131d5]" started-at="2024-04-26T07:28:55 GMT" name="testTwo" finished-at="2024-04-26T07:28:55 GMT" duration-ms="1" status="PASS">
          <reporter-output>
          </reporter-output>
        </test-method> <!-- testTwo -->
      </class> <!-- parallelscript.SampleOneTest -->
    </test> <!-- ModuleOneTest -->
    <test started-at="2024-04-26T07:28:55 GMT" name="ModuleTwoTest" finished-at="2024-04-26T07:28:55 GMT" duration-ms="20">
      <class name="parallelscript.SampleThreeTest">
        <test-method signature="testFour()[pri:0, instance:parallelscript.SampleThreeTest@49dc7102]" started-at="2024-04-26T07:28:55 GMT" name="testFour" finished-at="2024-04-26T07:28:55 GMT" duration-ms="1" status="PASS">
          <reporter-output>
          </reporter-output>
        </test-method> <!-- testFour -->
        <test-method signature="testOne()[pri:0, instance:parallelscript.SampleThreeTest@49dc7102]" started-at="2024-04-26T07:28:55 GMT" name="testOne" finished-at="2024-04-26T07:28:55 GMT" duration-ms="2" status="PASS">
          <reporter-output>
          </reporter-output>
        </test-method> <!-- testOne -->
        <test-method signature="testThree()[pri:0, instance:parallelscript.SampleThreeTest@49dc7102]" started-at="2024-04-26T07:28:55 GMT" name="testThree" finished-at="2024-04-26T07:28:55 GMT" duration-ms="3" status="PASS">
          <reporter-output>
          </reporter-output>
        </test-method> <!-- testThree -->
        <test-method signature="testTwo()[pri:0, instance:parallelscript.SampleThreeTest@49dc7102]" started-at="2024-04-26T07:28:55 GMT" name="testTwo" finished-at="2024-04-26T07:28:55 GMT" duration-ms="2" status="PASS">
          <reporter-output>
          </reporter-output>
        </test-method> <!-- testTwo -->
      </class> <!-- parallelscript.SampleThreeTest -->
    </test> <!-- ModuleTwoTest -->
  </suite> <!-- Suite -->
</testng-results>
