<?xml version="1.0" encoding="UTF-8"?>
<testng-results ignored="0" total="1" passed="1" failed="0" skipped="0">
  <reporter-output>
  </reporter-output>
  <suite started-at="2024-05-02T12:50:48 IST" name="Default suite" finished-at="2024-05-02T12:50:53 IST" duration-ms="5521">
    <groups>
    </groups>
    <test started-at="2024-05-02T12:50:48 IST" name="Default test" finished-at="2024-05-02T12:50:53 IST" duration-ms="5521">
      <class name="chromeDevTools.RemoteDriverTest">
        <test-method signature="test()[pri:0, instance:chromeDevTools.RemoteDriverTest@18d87d80]" started-at="2024-05-02T12:50:48 IST" name="test" finished-at="2024-05-02T12:50:53 IST" duration-ms="5489" status="PASS">
          <reporter-output>
          </reporter-output>
        </test-method> <!-- test -->
      </class> <!-- chromeDevTools.RemoteDriverTest -->
    </test> <!-- Default test -->
  </suite> <!-- Default suite -->
</testng-results>
